<?xml version="1.0" encoding="UTF-8"?>
<!-- Generated by org.testng.reporters.JUnitReportReporter -->
<testsuite skipped="0" hostname="KH014104" name="com.sel.test.tetng.TestNGInvocationCount" tests="4" failures="0" timestamp="03 Oct 2019 13:07:58 GMT" time="0.004" errors="0">
  <testcase name="sum" time="0.001" classname="com.sel.test.tetng.TestNGInvocationCount"/>
  <testcase name="sum" time="0.001" classname="com.sel.test.tetng.TestNGInvocationCount"/>
  <testcase name="sum" time="0.001" classname="com.sel.test.tetng.TestNGInvocationCount"/>
  <testcase name="sum" time="0.001" classname="com.sel.test.tetng.TestNGInvocationCount"/>
</testsuite> <!-- com.sel.test.tetng.TestNGInvocationCount -->
