<?xml version="1.0" encoding="UTF-8"?>
<!-- Generated by org.testng.reporters.JUnitReportReporter -->
<testsuite skipped="0" hostname="KH014104" name="com.sel.test.tetng.TestNGBasics" tests="2" failures="0" timestamp="03 Oct 2019 13:07:58 GMT" time="0.009" errors="0">
  <testcase name="searchTest" time="0.003" classname="com.sel.test.tetng.TestNGBasics"/>
  <testcase name="getTtitle" time="0.006" classname="com.sel.test.tetng.TestNGBasics"/>
</testsuite> <!-- com.sel.test.tetng.TestNGBasics -->
