<?xml version="1.0" encoding="UTF-8"?>
<!-- Generated by org.testng.reporters.JUnitReportReporter -->
<testsuite skipped="0" hostname="KH014104" name="com.sel.test.tetng.TestNGExceptionTimeOutTest" tests="1" failures="0" timestamp="03 Oct 2019 13:07:58 GMT" time="0.008" errors="0">
  <testcase name="Test1" time="0.008" classname="com.sel.test.tetng.TestNGExceptionTimeOutTest"/>
</testsuite> <!-- com.sel.test.tetng.TestNGExceptionTimeOutTest -->
