<?xml version="1.0" encoding="UTF-8"?>
<!-- Generated by org.testng.reporters.JUnitReportReporter -->
<testsuite skipped="0" hostname="KH014104" name="com.sel.test.tetng.TestNGPracGoogleTest" tests="5" failures="0" timestamp="03 Oct 2019 13:13:20 GMT" time="28.372" errors="0">
  <testcase name="googleLogoTest" time="5.681" classname="com.sel.test.tetng.TestNGPracGoogleTest"/>
  <testcase name="googleTitleTest" time="5.412" classname="com.sel.test.tetng.TestNGPracGoogleTest"/>
  <testcase name="testcase1" time="5.980" classname="com.sel.test.tetng.TestNGPracGoogleTest"/>
  <testcase name="testcase2" time="5.552" classname="com.sel.test.tetng.TestNGPracGoogleTest"/>
  <testcase name="testcase3" time="5.747" classname="com.sel.test.tetng.TestNGPracGoogleTest"/>
</testsuite> <!-- com.sel.test.tetng.TestNGPracGoogleTest -->
